[1;30mINFO[0m /home/burmist/miniconda/envs/mamba/envs/ctapipe-calibpipe/bin/cwltool 3.1.20250925164626
[1;30mINFO[0m Resolved 'uc-120-2.2-optical-throughput-calibration-with-muons.cwl' to 'file:///home/burmist/home2/training/076_cwl/uc-120-2.2-optical-throughput-calibration-with-muons.cwl'
[1;30mWARNING[0m [33mWorkflow checker warning:

uc-120-2.2-optical-throughput-calibration-with-muons.cwl:81:7:   Source is from conditional step
                                                                 and may produce `null`[0m
[1;30mINFO[0m [workflow ] start
[1;30mINFO[0m [workflow ] starting step process_muon_image
[1;30mINFO[0m [step process_muon_image] start
[1;30mINFO[0m [job process_muon_image] /tmp/5ma6j6za$ ctapipe-process \
    --config \
    /tmp/r4r5dls1/stgebaf3fad-b388-4194-972c-a09e015e9bca/ctapipe_process_muon_image.yaml \
    /tmp/r4r5dls1/stg54923e6a-45c6-45d4-9da7-6334d421c354/ctapipe_process_muon_fitter.yaml \
    --log-level \
    INFO \
    --input \
    /tmp/r4r5dls1/stgcf9b2fbe-a2d5-42cc-b889-886f4f1b4677/muon_0deg_0deg_run000001___cta-prod6-2156m-LaPalma-lst-dark-ref-degraded-0.83.simtel.zst \
    --output \
    muon_0deg_0deg_run000001___cta-prod6-2156m-LaPalma-lst-dark-ref-degraded-0.83.simtel.dl1.h5
2025-11-04 15:44:30,157 [1;32mINFO[0m [ctapipe.ctapipe-process] (tool.initialize): Loading config from '[PosixPath('/tmp/r4r5dls1/stgebaf3fad-b388-4194-972c-a09e015e9bca/ctapipe_process_muon_image.yaml')]'
2025-11-04 15:44:30,159 [1;32mINFO[0m [ctapipe.ctapipe-process] (tool.initialize): ctapipe version 0.27.2.dev15+gc2a30013a
2025-11-04 15:44:30,160 [1;32mINFO[0m [ctapipe.ctapipe-process.SimTelEventSource] (eventsource.__init__): INPUT PATH = /tmp/r4r5dls1/stgcf9b2fbe-a2d5-42cc-b889-886f4f1b4677/muon_0deg_0deg_run000001___cta-prod6-2156m-LaPalma-lst-dark-ref-degraded-0.83.simtel.zst
2025-11-04 15:44:30,206 [1;33mWARNING[0m [ctapipe.core.telescope_component] (telescope_component.attach_subarray): TelescopeParameter type argument 'MST_*' did not match any known telescope types
2025-11-04 15:44:30,206 [1;33mWARNING[0m [ctapipe.core.telescope_component] (telescope_component.attach_subarray): TelescopeParameter type argument 'SST_1M_*' did not match any known telescope types
2025-11-04 15:44:30,211 [1;32mINFO[0m [ctapipe.ctapipe-process] (process.start): applying calibration: True
2025-11-04 15:44:30,211 [1;32mINFO[0m [ctapipe.ctapipe-process] (process.start): (re)compute DL1: True
2025-11-04 15:44:30,211 [1;32mINFO[0m [ctapipe.ctapipe-process] (process.start): (re)compute DL2: False
2025-11-04 15:44:30,211 [1;32mINFO[0m [ctapipe.ctapipe-process] (process.start): compute muon parameters: True
2025-11-04 15:44:30,211 [1;32mINFO[0m [ctapipe.ctapipe-process] (subarray.info): Subarray : 
2025-11-04 15:44:30,211 [1;32mINFO[0m [ctapipe.ctapipe-process] (subarray.info): Num Tels : 1
2025-11-04 15:44:30,211 [1;32mINFO[0m [ctapipe.ctapipe-process] (subarray.info): Footprint: 0.00 km2
2025-11-04 15:44:30,211 [1;32mINFO[0m [ctapipe.ctapipe-process] (subarray.info): Height   : 2156.00 m
2025-11-04 15:44:30,212 [1;32mINFO[0m [ctapipe.ctapipe-process] (subarray.info): Lon/Lat  : -17.892030200000022 deg, 28.762166100000005 deg 
2025-11-04 15:44:30,212 [1;32mINFO[0m [ctapipe.ctapipe-process] (subarray.info): 
2025-11-04 15:44:30,212 [1;32mINFO[0m [ctapipe.ctapipe-process] (subarray.info):      Type      Count Tel IDs
2025-11-04 15:44:30,212 [1;32mINFO[0m [ctapipe.ctapipe-process] (subarray.info): -------------- ----- -------
2025-11-04 15:44:30,213 [1;32mINFO[0m [ctapipe.ctapipe-process] (subarray.info): LST_LST_LSTcam     1 1      
/home/burmist/miniconda/envs/mamba/envs/ctapipe-calibpipe/lib/python3.11/site-packages/astropy/units/quantity.py:659: RuntimeWarning: invalid value encountered in sqrt
  result = super().__array_ufunc__(function, method, *arrays, **kwargs)
2025-11-04 15:44:56,951 [1;32mINFO[0m [ctapipe.ctapipe-process.DataWriter] (datawriter.finish): Finishing output
2025-11-04 15:44:56,964 [1;32mINFO[0m [ctapipe.ctapipe-process] (tool.write_provenance): Output: /tmp/5ma6j6za/muon_0deg_0deg_run000001___cta-prod6-2156m-LaPalma-lst-dark-ref-degraded-0.83.simtel.dl1.h5
2025-11-04 15:44:56,965 [1;32mINFO[0m [ctapipe.ctapipe-process] (tool.run): Finished ctapipe-process
[1;30mINFO[0m [job process_muon_image] Max memory used: 402MiB
[1;30mINFO[0m [job process_muon_image] completed success
[1;30mINFO[0m [step process_muon_image] start
[1;30mINFO[0m [job process_muon_image_2] /tmp/n10i1jtq$ ctapipe-process \
    --config \
    /tmp/ewu5cdyk/stgbee86e34-d7c9-46e8-a153-dc7e77cb228b/ctapipe_process_muon_image.yaml \
    /tmp/ewu5cdyk/stg0b0d3fa8-9ed1-4e43-8899-c873c60f15a2/ctapipe_process_muon_fitter.yaml \
    --log-level \
    INFO \
    --input \
    /tmp/ewu5cdyk/stgf2fb06bf-8dd8-424e-987a-7e91ce847bb9/muon_0deg_0deg_run000001___cta-prod6-2156m-LaPalma-lst-dark-ref-degraded-0.81.simtel.zst \
    --output \
    muon_0deg_0deg_run000001___cta-prod6-2156m-LaPalma-lst-dark-ref-degraded-0.81.simtel.dl1.h5
2025-11-04 15:44:58,919 [1;32mINFO[0m [ctapipe.ctapipe-process] (tool.initialize): Loading config from '[PosixPath('/tmp/ewu5cdyk/stgbee86e34-d7c9-46e8-a153-dc7e77cb228b/ctapipe_process_muon_image.yaml')]'
2025-11-04 15:44:58,921 [1;32mINFO[0m [ctapipe.ctapipe-process] (tool.initialize): ctapipe version 0.27.2.dev15+gc2a30013a
2025-11-04 15:44:58,922 [1;32mINFO[0m [ctapipe.ctapipe-process.SimTelEventSource] (eventsource.__init__): INPUT PATH = /tmp/ewu5cdyk/stgf2fb06bf-8dd8-424e-987a-7e91ce847bb9/muon_0deg_0deg_run000001___cta-prod6-2156m-LaPalma-lst-dark-ref-degraded-0.81.simtel.zst
2025-11-04 15:44:58,968 [1;33mWARNING[0m [ctapipe.core.telescope_component] (telescope_component.attach_subarray): TelescopeParameter type argument 'MST_*' did not match any known telescope types
2025-11-04 15:44:58,968 [1;33mWARNING[0m [ctapipe.core.telescope_component] (telescope_component.attach_subarray): TelescopeParameter type argument 'SST_1M_*' did not match any known telescope types
2025-11-04 15:44:58,972 [1;32mINFO[0m [ctapipe.ctapipe-process] (process.start): applying calibration: True
2025-11-04 15:44:58,972 [1;32mINFO[0m [ctapipe.ctapipe-process] (process.start): (re)compute DL1: True
2025-11-04 15:44:58,972 [1;32mINFO[0m [ctapipe.ctapipe-process] (process.start): (re)compute DL2: False
2025-11-04 15:44:58,972 [1;32mINFO[0m [ctapipe.ctapipe-process] (process.start): compute muon parameters: True
2025-11-04 15:44:58,972 [1;32mINFO[0m [ctapipe.ctapipe-process] (subarray.info): Subarray : 
2025-11-04 15:44:58,972 [1;32mINFO[0m [ctapipe.ctapipe-process] (subarray.info): Num Tels : 1
2025-11-04 15:44:58,973 [1;32mINFO[0m [ctapipe.ctapipe-process] (subarray.info): Footprint: 0.00 km2
2025-11-04 15:44:58,973 [1;32mINFO[0m [ctapipe.ctapipe-process] (subarray.info): Height   : 2156.00 m
2025-11-04 15:44:58,973 [1;32mINFO[0m [ctapipe.ctapipe-process] (subarray.info): Lon/Lat  : -17.892030200000022 deg, 28.762166100000005 deg 
2025-11-04 15:44:58,973 [1;32mINFO[0m [ctapipe.ctapipe-process] (subarray.info): 
2025-11-04 15:44:58,974 [1;32mINFO[0m [ctapipe.ctapipe-process] (subarray.info):      Type      Count Tel IDs
2025-11-04 15:44:58,974 [1;32mINFO[0m [ctapipe.ctapipe-process] (subarray.info): -------------- ----- -------
2025-11-04 15:44:58,974 [1;32mINFO[0m [ctapipe.ctapipe-process] (subarray.info): LST_LST_LSTcam     1 1      
/home/burmist/miniconda/envs/mamba/envs/ctapipe-calibpipe/lib/python3.11/site-packages/astropy/units/quantity.py:659: RuntimeWarning: invalid value encountered in sqrt
  result = super().__array_ufunc__(function, method, *arrays, **kwargs)
2025-11-04 15:45:26,572 [1;32mINFO[0m [ctapipe.ctapipe-process.DataWriter] (datawriter.finish): Finishing output
2025-11-04 15:45:26,584 [1;32mINFO[0m [ctapipe.ctapipe-process] (tool.write_provenance): Output: /tmp/n10i1jtq/muon_0deg_0deg_run000001___cta-prod6-2156m-LaPalma-lst-dark-ref-degraded-0.81.simtel.dl1.h5
2025-11-04 15:45:26,586 [1;32mINFO[0m [ctapipe.ctapipe-process] (tool.run): Finished ctapipe-process
[1;30mINFO[0m [job process_muon_image_2] Max memory used: 400MiB
[1;30mINFO[0m [job process_muon_image_2] completed success
[1;30mINFO[0m [step process_muon_image] start
[1;30mINFO[0m [job process_muon_image_3] /tmp/tdf8a_93$ ctapipe-process \
    --config \
    /tmp/boipiifj/stgd108c557-a15e-4887-bed4-70f3a7fc2732/ctapipe_process_muon_image.yaml \
    /tmp/boipiifj/stg7cf5c7e9-0755-4fc8-9e56-86e9297fdd8b/ctapipe_process_muon_fitter.yaml \
    --log-level \
    INFO \
    --input \
    /tmp/boipiifj/stg95e8da90-54aa-4506-ab22-730acacc6aee/muon_0deg_0deg_run000001___cta-prod6-2156m-LaPalma-lst-dark-ref-degraded-0.8.simtel.zst \
    --output \
    muon_0deg_0deg_run000001___cta-prod6-2156m-LaPalma-lst-dark-ref-degraded-0.8.simtel.dl1.h5
2025-11-04 15:45:28,545 [1;32mINFO[0m [ctapipe.ctapipe-process] (tool.initialize): Loading config from '[PosixPath('/tmp/boipiifj/stgd108c557-a15e-4887-bed4-70f3a7fc2732/ctapipe_process_muon_image.yaml')]'
2025-11-04 15:45:28,546 [1;32mINFO[0m [ctapipe.ctapipe-process] (tool.initialize): ctapipe version 0.27.2.dev15+gc2a30013a
2025-11-04 15:45:28,547 [1;32mINFO[0m [ctapipe.ctapipe-process.SimTelEventSource] (eventsource.__init__): INPUT PATH = /tmp/boipiifj/stg95e8da90-54aa-4506-ab22-730acacc6aee/muon_0deg_0deg_run000001___cta-prod6-2156m-LaPalma-lst-dark-ref-degraded-0.8.simtel.zst
2025-11-04 15:45:28,596 [1;33mWARNING[0m [ctapipe.core.telescope_component] (telescope_component.attach_subarray): TelescopeParameter type argument 'MST_*' did not match any known telescope types
2025-11-04 15:45:28,596 [1;33mWARNING[0m [ctapipe.core.telescope_component] (telescope_component.attach_subarray): TelescopeParameter type argument 'SST_1M_*' did not match any known telescope types
2025-11-04 15:45:28,600 [1;32mINFO[0m [ctapipe.ctapipe-process] (process.start): applying calibration: True
2025-11-04 15:45:28,601 [1;32mINFO[0m [ctapipe.ctapipe-process] (process.start): (re)compute DL1: True
2025-11-04 15:45:28,601 [1;32mINFO[0m [ctapipe.ctapipe-process] (process.start): (re)compute DL2: False
2025-11-04 15:45:28,601 [1;32mINFO[0m [ctapipe.ctapipe-process] (process.start): compute muon parameters: True
2025-11-04 15:45:28,601 [1;32mINFO[0m [ctapipe.ctapipe-process] (subarray.info): Subarray : 
2025-11-04 15:45:28,601 [1;32mINFO[0m [ctapipe.ctapipe-process] (subarray.info): Num Tels : 1
2025-11-04 15:45:28,601 [1;32mINFO[0m [ctapipe.ctapipe-process] (subarray.info): Footprint: 0.00 km2
2025-11-04 15:45:28,601 [1;32mINFO[0m [ctapipe.ctapipe-process] (subarray.info): Height   : 2156.00 m
2025-11-04 15:45:28,602 [1;32mINFO[0m [ctapipe.ctapipe-process] (subarray.info): Lon/Lat  : -17.892030200000022 deg, 28.762166100000005 deg 
2025-11-04 15:45:28,602 [1;32mINFO[0m [ctapipe.ctapipe-process] (subarray.info): 
2025-11-04 15:45:28,602 [1;32mINFO[0m [ctapipe.ctapipe-process] (subarray.info):      Type      Count Tel IDs
2025-11-04 15:45:28,602 [1;32mINFO[0m [ctapipe.ctapipe-process] (subarray.info): -------------- ----- -------
2025-11-04 15:45:28,602 [1;32mINFO[0m [ctapipe.ctapipe-process] (subarray.info): LST_LST_LSTcam     1 1      
/home/burmist/miniconda/envs/mamba/envs/ctapipe-calibpipe/lib/python3.11/site-packages/astropy/units/quantity.py:659: RuntimeWarning: invalid value encountered in sqrt
  result = super().__array_ufunc__(function, method, *arrays, **kwargs)
2025-11-04 15:45:54,643 [1;32mINFO[0m [ctapipe.ctapipe-process.DataWriter] (datawriter.finish): Finishing output
2025-11-04 15:45:54,656 [1;32mINFO[0m [ctapipe.ctapipe-process] (tool.write_provenance): Output: /tmp/tdf8a_93/muon_0deg_0deg_run000001___cta-prod6-2156m-LaPalma-lst-dark-ref-degraded-0.8.simtel.dl1.h5
2025-11-04 15:45:54,657 [1;32mINFO[0m [ctapipe.ctapipe-process] (tool.run): Finished ctapipe-process
[1;30mINFO[0m [job process_muon_image_3] Max memory used: 398MiB
[1;30mINFO[0m [job process_muon_image_3] completed success
[1;30mINFO[0m [step process_muon_image] completed success
[1;30mINFO[0m [workflow ] starting step merge_muon_image
[1;30mINFO[0m [step merge_muon_image] start
[1;30mINFO[0m [job merge_muon_image] /tmp/b1fh5ko4$ ctapipe-merge \
    --output \
    muons.merged.dl1.h5 \
    --config \
    /tmp/szk9_siy/stgac698de8-bccb-43a9-ac2e-04f027b4fd38/ctapipe_merge_dl1_muons.yaml \
    --provenance-log \
    ctapipe-merge.provenance.log \
    /tmp/szk9_siy/stg49b3bbf7-3ddc-4edb-974e-a05d1540362b/muon_0deg_0deg_run000001___cta-prod6-2156m-LaPalma-lst-dark-ref-degraded-0.83.simtel.dl1.h5 \
    /tmp/szk9_siy/stgd7c34bbb-0951-4249-84ec-743c4b1b2eda/muon_0deg_0deg_run000001___cta-prod6-2156m-LaPalma-lst-dark-ref-degraded-0.81.simtel.dl1.h5 \
    /tmp/szk9_siy/stgd8d7bc87-2553-4e85-bd77-f5e48bd370b8/muon_0deg_0deg_run000001___cta-prod6-2156m-LaPalma-lst-dark-ref-degraded-0.8.simtel.dl1.h5
[1;30mINFO[0m [job merge_muon_image] Max memory used: 247MiB
[1;30mINFO[0m [job merge_muon_image] completed success
[1;30mINFO[0m [step merge_muon_image] completed success
[1;30mINFO[0m [workflow ] starting step calculate_throughput
[1;30mINFO[0m [step calculate_throughput] start
[1;30mINFO[0m [job calculate_throughput] /tmp/yyg89c7j$ calibpipe-calculate-throughput-muon \
    --config \
    /tmp/7dgprnrf/stgdd76dbfb-7fa4-4a27-a3d6-130e63309d9c/throughput_muon_configuration.yaml \
    --log-level \
    INFO \
    --input \
    /tmp/7dgprnrf/stgd8197bbf-16cf-4cc4-99dc-c39e1efe099f/muons.merged.dl1.h5
/home/burmist/home2/work/CTA/ctapipe_calibpipe/ctapipe/src/ctapipe/core/traits.py:201: NoneDefaultNotAllowedWarning: Setting default_value=None and allow_none will result in misleading error messages. To require an value, set allow_none=True, default_value=None and check later that the value is not None
  warnings.warn(msg, NoneDefaultNotAllowedWarning)
2025-11-04 15:45:57,763 [1;32mINFO[0m [calibpipe.ThroughputCalibration] (tool.initialize): Loading config from '[PosixPath('/tmp/7dgprnrf/stgdd76dbfb-7fa4-4a27-a3d6-130e63309d9c/throughput_muon_configuration.yaml')]'
2025-11-04 15:45:57,764 [1;32mINFO[0m [calibpipe.ThroughputCalibration] (tool.initialize): ctapipe version 0.27.2.dev15+gc2a30013a
2025-11-04 15:45:57,813 [1;32mINFO[0m [calibpipe.ThroughputCalibration] (tool.write_provenance): Output: 
2025-11-04 15:45:57,814 [1;32mINFO[0m [calibpipe.ThroughputCalibration] (tool.run): Finished ThroughputCalibration
[1;30mINFO[0m [job calculate_throughput] Max memory used: 243MiB
[1;30mINFO[0m [job calculate_throughput] completed success
[1;30mINFO[0m [step calculate_throughput] completed success
[1;30mINFO[0m [workflow ] completed success
{
    "dl1_merge_muon_image": {
        "location": "file:///home/burmist/home2/training/076_cwl/muons.merged.dl1.h5",
        "basename": "muons.merged.dl1.h5",
        "class": "File",
        "checksum": "sha1$697e9db926afb35c1d187eb21bec714c9290f740",
        "size": 636574,
        "path": "/home/burmist/home2/training/076_cwl/muons.merged.dl1.h5"
    },
    "dl1_muon_data": [
        {
            "location": "file:///home/burmist/home2/training/076_cwl/muon_0deg_0deg_run000001___cta-prod6-2156m-LaPalma-lst-dark-ref-degraded-0.83.simtel.dl1.h5",
            "basename": "muon_0deg_0deg_run000001___cta-prod6-2156m-LaPalma-lst-dark-ref-degraded-0.83.simtel.dl1.h5",
            "class": "File",
            "checksum": "sha1$7e4b8120f86da7b4b98f1171735f794e73edac14",
            "size": 325599,
            "path": "/home/burmist/home2/training/076_cwl/muon_0deg_0deg_run000001___cta-prod6-2156m-LaPalma-lst-dark-ref-degraded-0.83.simtel.dl1.h5"
        },
        {
            "location": "file:///home/burmist/home2/training/076_cwl/muon_0deg_0deg_run000001___cta-prod6-2156m-LaPalma-lst-dark-ref-degraded-0.81.simtel.dl1.h5",
            "basename": "muon_0deg_0deg_run000001___cta-prod6-2156m-LaPalma-lst-dark-ref-degraded-0.81.simtel.dl1.h5",
            "class": "File",
            "checksum": "sha1$926870bc92f53e635b91d4931d2d71bb98936288",
            "size": 324357,
            "path": "/home/burmist/home2/training/076_cwl/muon_0deg_0deg_run000001___cta-prod6-2156m-LaPalma-lst-dark-ref-degraded-0.81.simtel.dl1.h5"
        },
        {
            "location": "file:///home/burmist/home2/training/076_cwl/muon_0deg_0deg_run000001___cta-prod6-2156m-LaPalma-lst-dark-ref-degraded-0.8.simtel.dl1.h5",
            "basename": "muon_0deg_0deg_run000001___cta-prod6-2156m-LaPalma-lst-dark-ref-degraded-0.8.simtel.dl1.h5",
            "class": "File",
            "checksum": "sha1$70ded072c6191da8763dbcf6d20100987a3c1853",
            "size": 320605,
            "path": "/home/burmist/home2/training/076_cwl/muon_0deg_0deg_run000001___cta-prod6-2156m-LaPalma-lst-dark-ref-degraded-0.8.simtel.dl1.h5"
        }
    ]
}[1;30mINFO[0m Final process status is success
